{"C:\\Work Folder\\Pr\\PR-Percentage-Conditional-Poc\\src\\Components\\Home.jsx": {"path":"C:\\Work Folder\\Pr\\PR-Percentage-Conditional-Poc\\src\\Components\\Home.jsx","statementMap":{"0":{"start":{"line":3,"column":21},"end":{"line":5,"column":1}},"1":{"start":{"line":4,"column":2},"end":{"line":4,"column":33}}},"fnMap":{"0":{"name":"(anonymous_0)","decl":{"start":{"line":3,"column":21},"end":{"line":3,"column":22}},"loc":{"start":{"line":3,"column":35},"end":{"line":5,"column":1}},"line":3}},"branchMap":{},"s":{"0":1,"1":10},"f":{"0":10},"b":{},"_coverageSchema":"1a1c01bbd47fc00a2c39e90264f33305004495a9","hash":"c5240b03b2deac65bd00a7d9d718cda68dd81274"}
}
